0 silly argv { _: [ 'create' ],
0 silly argv   lernaVersion: '3.13.1',
0 silly argv   '$0': 'lerna',
0 silly argv   name: '@ingo/ui' }
1 notice cli v3.13.1
2 verbose rootPath /Users/if/dev/learn-lerna
3 info versioning independent
4 warn ENOREMOTE No git remote found, skipping repository property
5 error Error: canceled
5 error     at Interface.<anonymous> (/Users/if/dev/learn-lerna/node_modules/read/lib/read.js:66:13)
5 error     at Interface.emit (events.js:188:13)
5 error     at Interface._ttyWrite (readline.js:799:16)
5 error     at ReadStream.onkeypress (readline.js:184:10)
5 error     at ReadStream.emit (events.js:188:13)
5 error     at emitKeys (internal/readline.js:424:14)
5 error     at emitKeys.next (<anonymous>)
5 error     at ReadStream.onData (readline.js:1071:36)
5 error     at ReadStream.emit (events.js:188:13)
5 error     at addChunk (_stream_readable.js:288:12)
5 error     at readableAddChunk (_stream_readable.js:269:11)
5 error     at ReadStream.Readable.push (_stream_readable.js:224:10)
